<?xml version="1.0" encoding="UTF-8"?>
<Site BuildName="Linux-c++"
	BuildStamp="20201214-1816-Experimental"
	Name="Angel-Laptop"
	Generator="ctest-3.16.3"
	CompilerName="/bin/c++"
	CompilerVersion="9.3.0"
	OSName="Linux"
	Hostname="Angel-Laptop"
	OSRelease="5.4.0-58-generic"
	OSVersion="#64-Ubuntu SMP Wed Dec 9 08:16:25 UTC 2020"
	OSPlatform="x86_64"
	Is64Bits="1"
	VendorString="GenuineIntel"
	VendorID="Intel Corporation"
	FamilyID="6"
	ModelID="142"
	ProcessorCacheSize="8192"
	NumberOfLogicalCPU="8"
	NumberOfPhysicalCPU="4"
	TotalVirtualMemory="2047"
	TotalPhysicalMemory="15811"
	LogicalProcessorsPerPhysical="2"
	ProcessorClockFrequency="2455.04"
	>
	<Testing>
		<StartDateTime>Dec 14 18:16 WET</StartDateTime>
		<StartTestTime>1607969816</StartTestTime>
		<TestList/>
		<EndDateTime>Dec 14 18:16 WET</EndDateTime>
		<EndTestTime>1607969816</EndTestTime>
		<ElapsedMinutes>0</ElapsedMinutes>
	</Testing>
</Site>
